Stopwatch with Productivity Timer/task/build/intermediates/manifest_merge_blame_file/release/manifest-merger-blame-release-report.txt
1<?xml version="1.0" encoding="utf-8"?>
2<manifest xmlns:android="http://schemas.android.com/apk/res/android"
3    package="org.hyperskill.stopwatch"
4    android:versionCode="1"
5    android:versionName="1.0" >
6
7    <uses-sdk
8        android:minSdkVersion="31"
8-->src/main/AndroidManifest.xml
9        android:targetSdkVersion="31" />
9-->src/main/AndroidManifest.xml
10
11    <application
11-->src/main/AndroidManifest.xml:5:3-21:17
12        android:name="org.hyperskill.stopwatch.StopWatchApp"
12-->src/main/AndroidManifest.xml:6:7-35
13        android:allowBackup="true"
13-->src/main/AndroidManifest.xml:7:7-33
14        android:appComponentFactory="androidx.core.app.CoreComponentFactory"
14-->[androidx.core:core:1.8.0] AndroidManifest.xml:24:18-86
15        android:extractNativeLibs="false"
16        android:icon="@mipmap/ic_launcher"
16-->src/main/AndroidManifest.xml:8:7-41
17        android:label="@string/app_name"
17-->src/main/AndroidManifest.xml:9:7-39
18        android:roundIcon="@mipmap/ic_launcher_round"
18-->src/main/AndroidManifest.xml:10:7-52
19        android:supportsRtl="true"
19-->src/main/AndroidManifest.xml:11:7-33
20        android:theme="@style/AppTheme" >
20-->src/main/AndroidManifest.xml:12:7-38
21        <activity
21-->src/main/AndroidManifest.xml:13:5-20:16
22            android:name="org.hyperskill.stopwatch.MainActivity"
22-->src/main/AndroidManifest.xml:13:15-67
23            android:exported="true" >
23-->src/main/AndroidManifest.xml:14:9-32
24            <intent-filter>
24-->src/main/AndroidManifest.xml:15:7-19:23
25                <action android:name="android.intent.action.MAIN" />
25-->src/main/AndroidManifest.xml:16:9-61
25-->src/main/AndroidManifest.xml:16:17-58
26
27                <category android:name="android.intent.category.LAUNCHER" />
27-->src/main/AndroidManifest.xml:18:9-69
27-->src/main/AndroidManifest.xml:18:19-66
28            </intent-filter>
29        </activity>
30    </application>
31
32</manifest>